0 info it worked if it ends with ok
1 verbose cli [ 'node', '/usr/local/bin/npm', 'install', 'mongodb', '--save' ]
2 info using npm@1.4.28
3 info using node@v0.10.37
4 warn package.json introNode@1.0.0 No repository field.
5 warn package.json introNode@1.0.0 No README data
6 verbose readDependencies using package.json deps
7 verbose cache add [ 'mongodb', null ]
8 verbose cache add name=undefined spec="mongodb" args=["mongodb",null]
9 verbose parsed url { protocol: null,
9 verbose parsed url   slashes: null,
9 verbose parsed url   auth: null,
9 verbose parsed url   host: null,
9 verbose parsed url   port: null,
9 verbose parsed url   hostname: null,
9 verbose parsed url   hash: null,
9 verbose parsed url   search: null,
9 verbose parsed url   query: null,
9 verbose parsed url   pathname: 'mongodb',
9 verbose parsed url   path: 'mongodb',
9 verbose parsed url   href: 'mongodb' }
10 silly lockFile 7f1c982e-mongodb mongodb
11 verbose lock mongodb /Users/osamaalghanmi/.npm/7f1c982e-mongodb.lock
12 silly lockFile 7f1c982e-mongodb mongodb
13 silly lockFile 7f1c982e-mongodb mongodb
14 verbose addNamed [ 'mongodb', '' ]
15 verbose addNamed [ null, '*' ]
16 silly lockFile 886df635-mongodb mongodb@
17 verbose lock mongodb@ /Users/osamaalghanmi/.npm/886df635-mongodb.lock
18 silly addNameRange { name: 'mongodb', range: '*', hasData: false }
19 verbose request where is /mongodb
20 verbose request registry https://registry.npmjs.org/
21 verbose request id 32658d560188f494
22 verbose url raw /mongodb
23 verbose url resolving [ 'https://registry.npmjs.org/', './mongodb' ]
24 verbose url resolved https://registry.npmjs.org/mongodb
25 verbose request where is https://registry.npmjs.org/mongodb
26 info trying registry request attempt 1 at 16:02:53
27 verbose etag "14C4QW4N8K67TZKRW1EC1VXRT"
28 http GET https://registry.npmjs.org/mongodb
29 http 304 https://registry.npmjs.org/mongodb
30 silly registry.get cb [ 304,
30 silly registry.get   { date: 'Fri, 24 Apr 2015 22:02:34 GMT',
30 silly registry.get     server: 'Apache',
30 silly registry.get     via: '1.1 varnish',
30 silly registry.get     'last-modified': 'Fri, 24 Apr 2015 22:02:34 GMT',
30 silly registry.get     'cache-control': 'max-age=60',
30 silly registry.get     etag: '"14C4QW4N8K67TZKRW1EC1VXRT"',
30 silly registry.get     age: '0',
30 silly registry.get     'x-served-by': 'cache-sjc3121-SJC',
30 silly registry.get     'x-cache': 'HIT',
30 silly registry.get     'x-cache-hits': '1',
30 silly registry.get     'x-timer': 'S1429912954.585761,VS0,VE90',
30 silly registry.get     vary: 'Accept',
30 silly registry.get     'content-length': '0',
30 silly registry.get     'keep-alive': 'timeout=10, max=50',
30 silly registry.get     connection: 'Keep-Alive' } ]
31 verbose etag https://registry.npmjs.org/mongodb from cache
32 silly addNameRange number 2 { name: 'mongodb', range: '*', hasData: true }
33 silly addNameRange versions [ 'mongodb',
33 silly addNameRange   [ '0.9.4',
33 silly addNameRange     '0.9.4-4',
33 silly addNameRange     '0.9.3',
33 silly addNameRange     '0.9.1',
33 silly addNameRange     '0.9.2',
33 silly addNameRange     '0.9.6-7',
33 silly addNameRange     '0.9.6-8',
33 silly addNameRange     '0.9.6-9',
33 silly addNameRange     '0.9.6-10',
33 silly addNameRange     '0.9.6-11',
33 silly addNameRange     '0.9.6-12',
33 silly addNameRange     '0.9.6-13',
33 silly addNameRange     '0.9.6-14',
33 silly addNameRange     '0.9.6-15',
33 silly addNameRange     '0.9.6-16',
33 silly addNameRange     '0.9.6-17',
33 silly addNameRange     '0.9.6-18',
33 silly addNameRange     '0.9.6-19',
33 silly addNameRange     '0.9.6-20',
33 silly addNameRange     '0.9.6-21',
33 silly addNameRange     '0.9.6-22',
33 silly addNameRange     '0.9.6-23',
33 silly addNameRange     '0.9.7',
33 silly addNameRange     '0.9.7-0',
33 silly addNameRange     '0.9.7-1',
33 silly addNameRange     '0.9.7-1.1',
33 silly addNameRange     '0.9.7-1.2',
33 silly addNameRange     '0.9.7-1.3',
33 silly addNameRange     '0.9.7-1.4',
33 silly addNameRange     '0.9.7-2',
33 silly addNameRange     '0.9.7-2-1',
33 silly addNameRange     '0.9.7-2-2',
33 silly addNameRange     '0.9.7-2-3',
33 silly addNameRange     '0.9.7-2-4',
33 silly addNameRange     '0.9.7-2-5',
33 silly addNameRange     '0.9.7-3',
33 silly addNameRange     '0.9.7-3-1',
33 silly addNameRange     '0.9.7-3-2',
33 silly addNameRange     '0.9.7-3-3',
33 silly addNameRange     '0.9.7-3-4',
33 silly addNameRange     '0.9.7-3-5',
33 silly addNameRange     '0.9.8',
33 silly addNameRange     '0.9.8-1',
33 silly addNameRange     '0.9.8-2',
33 silly addNameRange     '0.9.8-3',
33 silly addNameRange     '0.9.8-4',
33 silly addNameRange     '0.9.8-5',
33 silly addNameRange     '0.9.8-6',
33 silly addNameRange     '0.9.8-7',
33 silly addNameRange     '0.9.9',
33 silly addNameRange     '0.9.9-1',
33 silly addNameRange     '0.9.9-2',
33 silly addNameRange     '0.9.9-3',
33 silly addNameRange     '0.9.9-4',
33 silly addNameRange     '0.9.9-5',
33 silly addNameRange     '0.9.9-6',
33 silly addNameRange     '0.9.9-7',
33 silly addNameRange     '0.9.9-8',
33 silly addNameRange     '1.0.0',
33 silly addNameRange     '1.0.1',
33 silly addNameRange     '1.0.2',
33 silly addNameRange     '1.1.0-beta',
33 silly addNameRange     '1.1.0',
33 silly addNameRange     '1.1.1',
33 silly addNameRange     '1.1.2',
33 silly addNameRange     '1.1.3',
33 silly addNameRange     '1.1.4',
33 silly addNameRange     '1.1.5',
33 silly addNameRange     '1.1.6',
33 silly addNameRange     '1.1.7',
33 silly addNameRange     '1.1.8',
33 silly addNameRange     '1.1.9',
33 silly addNameRange     '1.1.10',
33 silly addNameRange     '1.1.11',
33 silly addNameRange     '1.2.0',
33 silly addNameRange     '1.2.1',
33 silly addNameRange     '1.2.2',
33 silly addNameRange     '1.2.3',
33 silly addNameRange     '1.2.4',
33 silly addNameRange     '1.2.5',
33 silly addNameRange     '1.2.6',
33 silly addNameRange     '1.2.7',
33 silly addNameRange     '1.2.8',
33 silly addNameRange     '1.2.9',
33 silly addNameRange     '1.2.10',
33 silly addNameRange     '1.2.11',
33 silly addNameRange     '1.2.12',
33 silly addNameRange     '1.2.13',
33 silly addNameRange     '1.2.14',
33 silly addNameRange     '1.3.0',
33 silly addNameRange     '1.3.1',
33 silly addNameRange     '1.3.2',
33 silly addNameRange     '1.3.3',
33 silly addNameRange     '1.3.4',
33 silly addNameRange     '1.3.5',
33 silly addNameRange     '1.3.6',
33 silly addNameRange     '1.3.7',
33 silly addNameRange     '1.3.8',
33 silly addNameRange     '1.3.9',
33 silly addNameRange     '1.3.10',
33 silly addNameRange     '1.3.11',
33 silly addNameRange     '1.3.12',
33 silly addNameRange     '1.3.14',
33 silly addNameRange     '1.3.15',
33 silly addNameRange     '1.3.17',
33 silly addNameRange     '1.3.18',
33 silly addNameRange     '1.3.19',
33 silly addNameRange     '1.4.0-rc2',
33 silly addNameRange     '1.3.20',
33 silly addNameRange     '1.4.0-rc3',
33 silly addNameRange     '1.3.21',
33 silly addNameRange     '1.3.22',
33 silly addNameRange     '1.3.23',
33 silly addNameRange     '1.4.0-rc4',
33 silly addNameRange     '1.4.0-rc5',
33 silly addNameRange     '1.4.0-rc6',
33 silly addNameRange     '1.4.0-rc7',
33 silly addNameRange     '1.4.0-rc8',
33 silly addNameRange     '1.4.0-rc9',
33 silly addNameRange     '1.4.0-rc10',
33 silly addNameRange     '1.4.0',
33 silly addNameRange     '1.4.1',
33 silly addNameRange     '1.4.2',
33 silly addNameRange     '1.4.3',
33 silly addNameRange     '1.4.4',
33 silly addNameRange     '1.4.5',
33 silly addNameRange     '1.4.6',
33 silly addNameRange     '1.4.7',
33 silly addNameRange     '1.4.8',
33 silly addNameRange     '1.4.9',
33 silly addNameRange     '1.4.10',
33 silly addNameRange     '2.0.0-alpha1',
33 silly addNameRange     '1.4.11',
33 silly addNameRange     '1.4.12',
33 silly addNameRange     '1.4.14',
33 silly addNameRange     '1.4.15',
33 silly addNameRange     '1.4.16',
33 silly addNameRange     '1.4.17',
33 silly addNameRange     '2.0.0-alpha2',
33 silly addNameRange     '1.4.18',
33 silly addNameRange     '2.0.0',
33 silly addNameRange     '2.0.1',
33 silly addNameRange     '2.0.2',
33 silly addNameRange     '1.4.19',
33 silly addNameRange     '2.0.3',
33 silly addNameRange     '2.0.4',
33 silly addNameRange     '2.0.5',
33 silly addNameRange     '2.0.6',
33 silly addNameRange     '1.4.20',
33 silly addNameRange     '1.4.22',
33 silly addNameRange     '2.0.7',
33 silly addNameRange     '2.0.8',
33 silly addNameRange     '2.0.9',
33 silly addNameRange     '1.4.23',
33 silly addNameRange     '2.0.10',
33 silly addNameRange     '1.4.24',
33 silly addNameRange     '2.0.11',
33 silly addNameRange     '1.4.25',
33 silly addNameRange     '2.0.12',
33 silly addNameRange     '1.4.26',
33 silly addNameRange     '1.4.27',
33 silly addNameRange     '1.4.28',
33 silly addNameRange     '2.0.13',
33 silly addNameRange     '2.0.14',
33 silly addNameRange     '1.4.29',
33 silly addNameRange     '2.0.15',
33 silly addNameRange     '1.4.30',
33 silly addNameRange     '2.0.16',
33 silly addNameRange     '1.4.31',
33 silly addNameRange     '2.0.17',
33 silly addNameRange     '1.4.32',
33 silly addNameRange     '2.0.18',
33 silly addNameRange     '2.0.19',
33 silly addNameRange     '1.4.33',
33 silly addNameRange     '2.0.20',
33 silly addNameRange     '2.0.21',
33 silly addNameRange     '1.4.34',
33 silly addNameRange     '2.0.22',
33 silly addNameRange     '2.0.23',
33 silly addNameRange     '1.4.35',
33 silly addNameRange     '2.0.24',
33 silly addNameRange     '2.0.25',
33 silly addNameRange     '2.0.26',
33 silly addNameRange     '2.0.27',
33 silly addNameRange     '2.0.28' ] ]
34 verbose addNamed [ 'mongodb', '2.0.28' ]
35 verbose addNamed [ '2.0.28', '2.0.28' ]
36 silly lockFile 3f841537-mongodb-2-0-28 mongodb@2.0.28
37 verbose lock mongodb@2.0.28 /Users/osamaalghanmi/.npm/3f841537-mongodb-2-0-28.lock
38 silly lockFile 6d09b8c5-s-org-mongodb-mongodb-2-0-28-tgz https://registry.npmjs.org/mongodb/-/mongodb-2.0.28.tgz
39 verbose lock https://registry.npmjs.org/mongodb/-/mongodb-2.0.28.tgz /Users/osamaalghanmi/.npm/6d09b8c5-s-org-mongodb-mongodb-2-0-28-tgz.lock
40 verbose addRemoteTarball [ 'https://registry.npmjs.org/mongodb/-/mongodb-2.0.28.tgz',
40 verbose addRemoteTarball   '35853ddb226d946e82fac9fe289dabdfdd98e287' ]
41 info retry fetch attempt 1 at 16:02:53
42 verbose fetch to= /var/folders/7l/7fym0j2j6r737q13b9v3r6f80000gn/T/npm-51176-OQ8-aEnD/registry.npmjs.org/mongodb/-/mongodb-2.0.28.tgz
43 http GET https://registry.npmjs.org/mongodb/-/mongodb-2.0.28.tgz
44 http 200 https://registry.npmjs.org/mongodb/-/mongodb-2.0.28.tgz
45 silly lockFile 6d09b8c5-s-org-mongodb-mongodb-2-0-28-tgz https://registry.npmjs.org/mongodb/-/mongodb-2.0.28.tgz
46 silly lockFile 6d09b8c5-s-org-mongodb-mongodb-2-0-28-tgz https://registry.npmjs.org/mongodb/-/mongodb-2.0.28.tgz
47 silly lockFile 3f841537-mongodb-2-0-28 mongodb@2.0.28
48 silly lockFile 3f841537-mongodb-2-0-28 mongodb@2.0.28
49 silly lockFile 886df635-mongodb mongodb@
50 silly lockFile 886df635-mongodb mongodb@
51 error Error: EACCES, mkdir '/Users/osamaalghanmi/.npm/mongodb/2.0.28'
51 error  { [Error: EACCES, mkdir '/Users/osamaalghanmi/.npm/mongodb/2.0.28']
51 error   errno: 3,
51 error   code: 'EACCES',
51 error   path: '/Users/osamaalghanmi/.npm/mongodb/2.0.28',
51 error   parent: 'introNode' }
52 error Please try running this command again as root/Administrator.
53 error System Darwin 14.3.0
54 error command "node" "/usr/local/bin/npm" "install" "mongodb" "--save"
55 error cwd /Users/osamaalghanmi/Desktop/intro-node/examples/current
56 error node -v v0.10.37
57 error npm -v 1.4.28
58 error path /Users/osamaalghanmi/.npm/mongodb/2.0.28
59 error code EACCES
60 error errno 3
61 error stack Error: EACCES, mkdir '/Users/osamaalghanmi/.npm/mongodb/2.0.28'
62 verbose exit [ 3, true ]
